#
# A fatal error has been detected by the Java Runtime Environment:
#
# java.lang.OutOfMemoryError: requested 41943040 bytes for GrET in C:\BUILD_AREA\jdk6_16\hotspot\src\share\vm\utilities\growableArray.cpp. Out of swap space?
#
#  Internal Error (allocation.inline.hpp:39), pid=4128, tid=6180
#  Error: GrET in C:\BUILD_AREA\jdk6_16\hotspot\src\share\vm\utilities\growableArray.cpp
#
# JRE version: 6.0_16-b01
# Java VM: Java HotSpot(TM) Server VM (14.2-b01 mixed mode windows-x86 )
# If you would like to submit a bug report, please visit:
#   http://java.sun.com/webapps/bugreport/crash.jsp
#

---------------  T H R E A D  ---------------

Current thread (0x5410ec00):  VMThread [stack: 0x541b0000,0x54200000] [id=6180]

Stack: [0x541b0000,0x54200000],  sp=0x541ffaec,  free space=318k
Native frames: (J=compiled Java code, j=interpreted, Vv=VM code, C=native code)
V  [jvm.dll+0x306807]
V  [jvm.dll+0xf81ec]
V  [jvm.dll+0x161197]
V  [jvm.dll+0x8bcd7]
V  [jvm.dll+0x23ebe4]
V  [jvm.dll+0x17465f]
V  [jvm.dll+0x23e9ba]
V  [jvm.dll+0x28806f]
V  [jvm.dll+0x28f709]
V  [jvm.dll+0x306eb4]
V  [jvm.dll+0x309463]
V  [jvm.dll+0x3086fe]
V  [jvm.dll+0x308a4c]
V  [jvm.dll+0x308e72]
V  [jvm.dll+0x2681ec]
C  [msvcr71.dll+0x9565]
C  [kernel32.dll+0xb729]

VM_Operation (0x546cee84): ParallelGCFailedAllocation, mode: safepoint, requested by thread 0x557f4400


---------------  P R O C E S S  ---------------

Java Threads: ( => current thread )
  0x5c957800 JavaThread "RMI TCP Connection(35)-127.0.0.1" daemon [_thread_in_native, id=2700, stack(0x58c00000,0x58c50000)]
  0x56e37c00 JavaThread "JBoss Shutdown Hook" daemon [_thread_blocked, id=6724, stack(0x59790000,0x597e0000)]
  0x570d9400 JavaThread "SIGINT handler" daemon [_thread_blocked, id=5812, stack(0x59650000,0x596a0000)]
  0x55b3fc00 JavaThread "ConnectionValidator" daemon [_thread_blocked, id=4596, stack(0x596a0000,0x596f0000)]
  0x54c56400 JavaThread "http-127.0.0.1-9090-6" daemon [_thread_blocked, id=6980, stack(0x59600000,0x59650000)]
  0x5b914400 JavaThread "http-127.0.0.1-9090-5" daemon [_thread_blocked, id=2080, stack(0x595b0000,0x59600000)]
  0x54fea400 JavaThread "http-127.0.0.1-9090-4" daemon [_thread_blocked, id=8024, stack(0x59560000,0x595b0000)]
  0x54c01c00 JavaThread "http-127.0.0.1-9090-3" daemon [_thread_blocked, id=6580, stack(0x59420000,0x59470000)]
  0x5488cc00 JavaThread "http-127.0.0.1-9090-2" daemon [_thread_blocked, id=6396, stack(0x58930000,0x58980000)]
  0x557f4400 JavaThread "http-127.0.0.1-9090-1" daemon [_thread_blocked, id=1184, stack(0x54680000,0x546d0000)]
  0x54e2dc00 JavaThread "http-127.0.0.1-9090-Acceptor-0" daemon [_thread_blocked, id=4244, stack(0x594c0000,0x59510000)]
  0x54a8cc00 JavaThread "JBossLifeThread" [_thread_blocked, id=844, stack(0x59470000,0x594c0000)]
  0x54a55c00 JavaThread "IdleRemover" daemon [_thread_blocked, id=2016, stack(0x58840000,0x58890000)]
  0x573c6c00 JavaThread "Thread-16" daemon [_thread_blocked, id=6704, stack(0x593d0000,0x59420000)]
  0x564ed400 JavaThread "JCA PoolFiller" [_thread_blocked, id=6364, stack(0x59380000,0x593d0000)]
  0x5c0a9400 JavaThread "HSQLDB Timer @b867db" daemon [_thread_blocked, id=5308, stack(0x59330000,0x59380000)]
  0x54ee7c00 JavaThread "Timer-1" daemon [_thread_blocked, id=7944, stack(0x592e0000,0x59330000)]
  0x557f4c00 JavaThread "DefaultQuartzScheduler_QuartzSchedulerThread" [_thread_blocked, id=5104, stack(0x59290000,0x592e0000)]
  0x54e7bc00 JavaThread "DefaultQuartzScheduler_Worker-10" [_thread_blocked, id=4352, stack(0x59240000,0x59290000)]
  0x54ec2c00 JavaThread "DefaultQuartzScheduler_Worker-9" [_thread_blocked, id=4272, stack(0x591f0000,0x59240000)]
  0x5607dc00 JavaThread "DefaultQuartzScheduler_Worker-8" [_thread_blocked, id=5548, stack(0x591a0000,0x591f0000)]
  0x56b04c00 JavaThread "DefaultQuartzScheduler_Worker-7" [_thread_blocked, id=6096, stack(0x59150000,0x591a0000)]
  0x55966c00 JavaThread "DefaultQuartzScheduler_Worker-6" [_thread_blocked, id=452, stack(0x59100000,0x59150000)]
  0x552f0c00 JavaThread "DefaultQuartzScheduler_Worker-5" [_thread_blocked, id=6752, stack(0x590b0000,0x59100000)]
  0x54931c00 JavaThread "DefaultQuartzScheduler_Worker-4" [_thread_blocked, id=4388, stack(0x59060000,0x590b0000)]
  0x55974c00 JavaThread "DefaultQuartzScheduler_Worker-3" [_thread_blocked, id=2508, stack(0x59010000,0x59060000)]
  0x54641c00 JavaThread "DefaultQuartzScheduler_Worker-2" [_thread_blocked, id=2104, stack(0x58fc0000,0x59010000)]
  0x56067c00 JavaThread "DefaultQuartzScheduler_Worker-1" [_thread_blocked, id=7916, stack(0x58f70000,0x58fc0000)]
  0x573e5c00 JavaThread "WorkManager(2)-1" daemon [_thread_blocked, id=6120, stack(0x58f20000,0x58f70000)]
  0x5eceb400 JavaThread "ContainerBackgroundProcessor[StandardEngine[jboss.web]]" daemon [_thread_blocked, id=5072, stack(0x58e80000,0x58ed0000)]
  0x5611d400 JavaThread "PooledInvokerAcceptor#0-4445" [_thread_in_native, id=4500, stack(0x58e30000,0x58e80000)]
  0x5e25c400 JavaThread "RMI TCP Accept-4444" daemon [_thread_in_native, id=6840, stack(0x58de0000,0x58e30000)]
  0x54888c00 JavaThread "Thread-12" [_thread_blocked, id=2788, stack(0x58d90000,0x58de0000)]
  0x559b0400 JavaThread "Listener:4712" daemon [_thread_in_native, id=6896, stack(0x58d40000,0x58d90000)]
  0x56b8a400 JavaThread "Thread-11" daemon [_thread_blocked, id=4224, stack(0x58cf0000,0x58d40000)]
  0x55b66400 JavaThread "Thread-10" daemon [_thread_blocked, id=6880, stack(0x58ca0000,0x58cf0000)]
  0x54d3cc00 JavaThread "Thread-9" daemon [_thread_blocked, id=8068, stack(0x58c50000,0x58ca0000)]
  0x54998800 JavaThread "AcceptorThread[ServerSocket[addr=/127.0.0.1,port=0,localport=4446]]" [_thread_in_native, id=7168, stack(0x58bb0000,0x58c00000)]
  0x58215c00 JavaThread "ServerSocketRefresh" daemon [_thread_blocked, id=6080, stack(0x58b60000,0x58bb0000)]
  0x559b3400 JavaThread "HDScanner" [_thread_blocked, id=3344, stack(0x58b10000,0x58b60000)]
  0x56a2f400 JavaThread "AcceptorThread[ServerSocket[addr=/127.0.0.1,port=0,localport=3873]]" [_thread_in_native, id=7296, stack(0x58ac0000,0x58b10000)]
  0x55af3c00 JavaThread "ServerSocketRefresh" daemon [_thread_blocked, id=5500, stack(0x58a70000,0x58ac0000)]
  0x55ed4c00 JavaThread "secondaryServerSocketThread[0]" daemon [_thread_in_native, id=8144, stack(0x58a20000,0x58a70000)]
  0x547d3c00 JavaThread "AcceptorThread[ServerSocket[addr=/127.0.0.1,port=0,localport=4457]]" [_thread_in_native, id=4400, stack(0x589d0000,0x58a20000)]
  0x54700c00 JavaThread "ServerSocketRefresh" daemon [_thread_blocked, id=7396, stack(0x58980000,0x589d0000)]
  0x548cfc00 JavaThread "RMI RenewClean-[127.0.0.1:2072]" daemon [_thread_blocked, id=6512, stack(0x588e0000,0x58930000)]
  0x548edc00 JavaThread "RMI Scheduler(0)" daemon [_thread_blocked, id=2964, stack(0x58890000,0x588e0000)]
  0x54928c00 JavaThread "RMI TCP Accept-0" daemon [_thread_in_native, id=6860, stack(0x587f0000,0x58840000)]
  0x54accc00 JavaThread "RMI TCP Accept-1090" daemon [_thread_in_native, id=4932, stack(0x587a0000,0x587f0000)]
  0x54e88400 JavaThread "SubscriptionWatchDog" daemon [_thread_blocked, id=7004, stack(0x58650000,0x586a0000)]
  0x555c6c00 JavaThread "JBoss System Threads(1)-2" daemon [_thread_in_native, id=5356, stack(0x58600000,0x58650000)]
  0x55012400 JavaThread "GC Daemon" daemon [_thread_blocked, id=5064, stack(0x56590000,0x565e0000)]
  0x549ce400 JavaThread "RMI Reaper" [_thread_blocked, id=6464, stack(0x56540000,0x56590000)]
  0x550b4c00 JavaThread "RMI TCP Accept-1098" daemon [_thread_in_native, id=1716, stack(0x554d0000,0x55520000)]
  0x54e8ec00 JavaThread "JBoss System Threads(1)-1" daemon [_thread_in_native, id=6824, stack(0x55480000,0x554d0000)]
  0x54910c00 JavaThread "Timer-Log4jService" daemon [_thread_blocked, id=8012, stack(0x55430000,0x55480000)]
  0x548f1400 JavaThread "Timer-0" daemon [_thread_blocked, id=7780, stack(0x54b90000,0x54be0000)]
  0x00447800 JavaThread "DestroyJavaVM" [_thread_blocked, id=5068, stack(0x009f0000,0x00a40000)]
  0x54131800 JavaThread "Low Memory Detector" daemon [_thread_blocked, id=8100, stack(0x543e0000,0x54430000)]
  0x5412e400 JavaThread "CompilerThread1" daemon [_thread_blocked, id=6552, stack(0x54390000,0x543e0000)]
  0x54129400 JavaThread "CompilerThread0" daemon [_thread_blocked, id=6360, stack(0x54340000,0x54390000)]
  0x54127800 JavaThread "Attach Listener" daemon [_thread_blocked, id=4292, stack(0x542f0000,0x54340000)]
  0x54126400 JavaThread "Signal Dispatcher" daemon [_thread_blocked, id=6744, stack(0x542a0000,0x542f0000)]
  0x54117400 JavaThread "Finalizer" daemon [_thread_blocked, id=2572, stack(0x54250000,0x542a0000)]
  0x54112800 JavaThread "Reference Handler" daemon [_thread_blocked, id=7900, stack(0x54200000,0x54250000)]

Other Threads:
=>0x5410ec00 VMThread [stack: 0x541b0000,0x54200000] [id=6180]
  0x54133000 WatcherThread [stack: 0x54430000,0x54480000] [id=6924]

VM state:at safepoint (normal execution)

VM Mutex/Monitor currently owned by a thread:  ([mutex/lock_event])
[0x00446740] Threads_lock - owner thread: 0x5410ec00
[0x00446b50] Heap_lock - owner thread: 0x557f4400

Heap
 PSYoungGen      total 77696K, used 38912K [0x4c970000, 0x53b30000, 0x53b30000)
  eden space 38912K, 100% used [0x4c970000,0x4ef70000,0x4ef70000)
  from space 38784K, 0% used [0x4ef70000,0x4ef70000,0x51550000)
  to   space 38784K, 0% used [0x51550000,0x51550000,0x53b30000)
 PSOldGen        total 932096K, used 932095K [0x13b30000, 0x4c970000, 0x4c970000)
  object space 932096K, 99% used [0x13b30000,0x4c96ffe0,0x4c970000)
 PSPermGen       total 106880K, used 88582K [0x03b30000, 0x0a390000, 0x13b30000)
  object space 106880K, 82% used [0x03b30000,0x091b1970,0x0a390000)

Dynamic libraries:
0x00400000 - 0x00424000 	C:\Program Files\Java\jdk1.6.0_16\bin\java.exe
0x7c900000 - 0x7c9b2000 	C:\WINDOWS\system32\ntdll.dll
0x7c800000 - 0x7c8f6000 	C:\WINDOWS\system32\kernel32.dll
0x61750000 - 0x617ae000 	C:\WINDOWS\SYSTEM32\SYSFER.DLL
0x77dd0000 - 0x77e6b000 	C:\WINDOWS\system32\ADVAPI32.dll
0x77e70000 - 0x77f03000 	C:\WINDOWS\system32\RPCRT4.dll
0x77fe0000 - 0x77ff1000 	C:\WINDOWS\system32\Secur32.dll
0x7c340000 - 0x7c396000 	C:\Program Files\Java\jdk1.6.0_16\jre\bin\msvcr71.dll
0x6db60000 - 0x6df6a000 	C:\Program Files\Java\jdk1.6.0_16\jre\bin\server\jvm.dll
0x7e410000 - 0x7e4a1000 	C:\WINDOWS\system32\USER32.dll
0x77f10000 - 0x77f59000 	C:\WINDOWS\system32\GDI32.dll
0x76b40000 - 0x76b6d000 	C:\WINDOWS\system32\WINMM.dll
0x76390000 - 0x763ad000 	C:\WINDOWS\system32\IMM32.DLL
0x629c0000 - 0x629c9000 	C:\WINDOWS\system32\LPK.DLL
0x74d90000 - 0x74dfb000 	C:\WINDOWS\system32\USP10.dll
0x6d860000 - 0x6d86c000 	C:\Program Files\Java\jdk1.6.0_16\jre\bin\verify.dll
0x6d3e0000 - 0x6d3ff000 	C:\Program Files\Java\jdk1.6.0_16\jre\bin\java.dll
0x6d340000 - 0x6d348000 	C:\Program Files\Java\jdk1.6.0_16\jre\bin\hpi.dll
0x76bf0000 - 0x76bfb000 	C:\WINDOWS\system32\PSAPI.DLL
0x6d8a0000 - 0x6d8af000 	C:\Program Files\Java\jdk1.6.0_16\jre\bin\zip.dll
0x6d6c0000 - 0x6d6d3000 	C:\Program Files\Java\jdk1.6.0_16\jre\bin\net.dll
0x71ab0000 - 0x71ac7000 	C:\WINDOWS\system32\WS2_32.dll
0x77c10000 - 0x77c68000 	C:\WINDOWS\system32\msvcrt.dll
0x71aa0000 - 0x71aa8000 	C:\WINDOWS\system32\WS2HELP.dll
0x71a50000 - 0x71a8f000 	C:\WINDOWS\System32\mswsock.dll
0x76f20000 - 0x76f47000 	C:\WINDOWS\system32\DNSAPI.dll
0x76fb0000 - 0x76fb8000 	C:\WINDOWS\System32\winrnr.dll
0x76f60000 - 0x76f8c000 	C:\WINDOWS\system32\WLDAP32.dll
0x76fc0000 - 0x76fc6000 	C:\WINDOWS\system32\rasadhlp.dll
0x6d610000 - 0x6d619000 	C:\Program Files\Java\jdk1.6.0_16\jre\bin\management.dll
0x662b0000 - 0x66308000 	C:\WINDOWS\system32\hnetcfg.dll
0x71a90000 - 0x71a98000 	C:\WINDOWS\System32\wshtcpip.dll
0x68000000 - 0x68036000 	C:\WINDOWS\system32\rsaenh.dll
0x769c0000 - 0x76a74000 	C:\WINDOWS\system32\USERENV.dll
0x5b860000 - 0x5b8b5000 	C:\WINDOWS\system32\netapi32.dll
0x6d7b0000 - 0x6d7b6000 	C:\Program Files\Java\jdk1.6.0_16\jre\bin\rmi.dll
0x6d6e0000 - 0x6d6e9000 	C:\Program Files\Java\jdk1.6.0_16\jre\bin\nio.dll
0x6d0b0000 - 0x6d1fa000 	C:\Program Files\Java\jdk1.6.0_16\jre\bin\awt.dll
0x73000000 - 0x73026000 	C:\WINDOWS\system32\WINSPOOL.DRV
0x774e0000 - 0x7761e000 	C:\WINDOWS\system32\ole32.dll
0x773d0000 - 0x774d3000 	C:\WINDOWS\WinSxS\x86_Microsoft.Windows.Common-Controls_6595b64144ccf1df_6.0.2600.6028_x-ww_61e65202\comctl32.dll
0x77f60000 - 0x77fd6000 	C:\WINDOWS\system32\SHLWAPI.dll

VM Arguments:
jvm_args: -Dprogram.name=run.bat -Xms128M -Xmx1024M -XX:MaxPermSize=256M -Dsun.rmi.dgc.client.gcInterval=3600000 -Dsun.rmi.dgc.server.gcInterval=3600000 -Dorg.jboss.resolver.warning=true -Djava.endorsed.dirs=D:\jboss-5.1.0.GA\lib\endorsed 
java_command: org.jboss.Main
Launcher Type: SUN_STANDARD

Environment Variables:
JAVA_HOME=C:\Program Files\Java\jdk1.6.0_16
PATH=c:\program files\imagemagick-6.3.5-q16;C:\Program Files\Java\jdk1.6.0_16\bin;D:\oracle\ora92\bin;C:\WINDOWS\system32;C:\WINDOWS;C:\WINDOWS\System32\Wbem;C:\Program Files\ZipGenius 6\;C:\Program Files\Microsoft SQL Server\90\Tools\binn\;C:\WINDOWS\Microsoft.NET\Framework\v2.0.50727;C:\Program Files\Microsoft Visual Studio 8\SDK\v2.0\Bin;D:\maven-2.0.7\bin;C:\Program Files\TortoiseSVN\bin;C:\apache-ant-1.8.0\bin;D:\jboss-5.1.0.GA\bin;C:\WINDOWS\system32\WindowsPowerShell\v1.0
USERNAME=sivaprakashk
OS=Windows_NT
PROCESSOR_IDENTIFIER=x86 Family 15 Model 4 Stepping 7, GenuineIntel



---------------  S Y S T E M  ---------------

OS: Windows XP Build 2600 Service Pack 3

CPU:total 2 (2 cores per cpu, 1 threads per core) family 15 model 4 stepping 7, cmov, cx8, fxsr, mmx, sse, sse2, sse3

Memory: 4k page, physical 2097151k(33816k free), swap 3847084k(218376k free)

vm_info: Java HotSpot(TM) Server VM (14.2-b01) for windows-x86 JRE (1.6.0_16-b01), built on Jul 31 2009 11:20:52 by "java_re" with MS VC++ 7.1

time: Fri Apr 01 15:40:17 2011
elapsed time: 10097 seconds

