2011-03-08 21:30:19,661 INFO   [DynamicFieldsMappingAction] <-----------------------Log4j setup success--------------------> 
2011-03-08 21:35:38,358 INFO   [DynamicFieldsMappingAction] INFO 
2011-03-08 21:35:38,358 WARN   [DynamicFieldsMappingAction] WARN 
2011-03-08 21:35:38,358 ERROR  [DynamicFieldsMappingAction] ERROR 
2011-03-08 21:35:38,358 FATAL  [DynamicFieldsMappingAction] FATAL 
2011-03-08 21:38:16,805 INFO   [DynamicFieldsMappingAction] INFO 
2011-03-08 21:38:16,805 WARN   [DynamicFieldsMappingAction] WARN 
2011-03-08 21:38:16,805 DEBUG  [DynamicFieldsMappingAction] DEBUG 
2011-03-08 21:38:16,805 ERROR  [DynamicFieldsMappingAction] ERROR 
2011-03-08 21:38:16,805 FATAL  [DynamicFieldsMappingAction] FATAL 
2011-03-08 22:15:07,159 ERROR  [DynamicFieldsMappingAction] ERROR 
2011-03-08 22:15:07,159 FATAL  [DynamicFieldsMappingAction] FATAL 
2011-03-08 22:15:29,424 ERROR  [DynamicFieldsMappingAction] ERROR 
2011-03-08 22:15:29,424 FATAL  [DynamicFieldsMappingAction] FATAL 
2011-03-08 22:16:26,174 INFO   [DynamicFieldsMappingAction] INFO 
2011-03-08 22:16:26,174 WARN   [DynamicFieldsMappingAction] WARN 
2011-03-08 22:16:26,174 ERROR  [DynamicFieldsMappingAction] ERROR 
2011-03-08 22:16:26,174 FATAL  [DynamicFieldsMappingAction] FATAL 
2011-03-08 22:39:36,580 INFO   [DynamicFieldsMappingAction] INFO 
2011-03-08 22:39:36,596 WARN   [DynamicFieldsMappingAction] WARN 
2011-03-08 22:39:36,596 DEBUG  [DynamicFieldsMappingAction] DEBUG 
2011-03-08 22:39:36,596 ERROR  [DynamicFieldsMappingAction] ERROR 
2011-03-08 22:39:36,596 FATAL  [DynamicFieldsMappingAction] FATAL 
2011-03-08 23:02:30,768 INFO   [DynamicFieldsMappingAction] INFO 
2011-03-08 23:02:30,784 WARN   [DynamicFieldsMappingAction] WARN 
2011-03-08 23:02:30,784 DEBUG  [DynamicFieldsMappingAction] DEBUG 
2011-03-08 23:02:30,784 ERROR  [DynamicFieldsMappingAction] ERROR 
2011-03-08 23:02:30,784 FATAL  [DynamicFieldsMappingAction] FATAL 
2011-03-08 23:02:49,252 INFO   [DynamicFieldsMappingAction] INFO 
2011-03-08 23:02:49,252 WARN   [DynamicFieldsMappingAction] WARN 
2011-03-08 23:02:49,252 DEBUG  [DynamicFieldsMappingAction] DEBUG 
2011-03-08 23:02:49,252 ERROR  [DynamicFieldsMappingAction] ERROR 
2011-03-08 23:02:49,252 FATAL  [DynamicFieldsMappingAction] FATAL 
2011-03-08 23:06:22,471 INFO   [DynamicFieldsMappingAction] INFO 
2011-03-08 23:06:22,471 WARN   [DynamicFieldsMappingAction] WARN 
2011-03-08 23:06:22,471 DEBUG  [DynamicFieldsMappingAction] DEBUG 
2011-03-08 23:06:22,471 ERROR  [DynamicFieldsMappingAction] ERROR 
2011-03-08 23:06:22,471 FATAL  [DynamicFieldsMappingAction] FATAL 
2011-03-08 23:06:24,643 INFO   [DynamicFieldsMappingAction] INFO 
2011-03-08 23:06:24,643 WARN   [DynamicFieldsMappingAction] WARN 
2011-03-08 23:06:24,643 DEBUG  [DynamicFieldsMappingAction] DEBUG 
2011-03-08 23:06:24,643 ERROR  [DynamicFieldsMappingAction] ERROR 
2011-03-08 23:06:24,643 FATAL  [DynamicFieldsMappingAction] FATAL 
2011-03-08 23:06:24,893 INFO   [DynamicFieldsMappingAction] INFO 
2011-03-08 23:06:24,909 WARN   [DynamicFieldsMappingAction] WARN 
2011-03-08 23:06:24,909 DEBUG  [DynamicFieldsMappingAction] DEBUG 
2011-03-08 23:06:24,909 ERROR  [DynamicFieldsMappingAction] ERROR 
2011-03-08 23:06:24,909 FATAL  [DynamicFieldsMappingAction] FATAL 
2011-03-08 23:06:25,409 INFO   [DynamicFieldsMappingAction] INFO 
2011-03-08 23:06:25,409 WARN   [DynamicFieldsMappingAction] WARN 
2011-03-08 23:06:25,409 DEBUG  [DynamicFieldsMappingAction] DEBUG 
2011-03-08 23:06:25,409 ERROR  [DynamicFieldsMappingAction] ERROR 
2011-03-08 23:06:25,409 FATAL  [DynamicFieldsMappingAction] FATAL 
2011-03-08 23:11:04,112 INFO   [DynamicFieldsMappingAction] INFO 
2011-03-08 23:11:04,112 WARN   [DynamicFieldsMappingAction] WARN 
2011-03-08 23:11:04,112 DEBUG  [DynamicFieldsMappingAction] DEBUG 
2011-03-08 23:11:04,112 ERROR  [DynamicFieldsMappingAction] ERROR 
2011-03-08 23:11:04,112 FATAL  [DynamicFieldsMappingAction] FATAL 
2011-03-08 23:11:56,877 INFO   [DynamicFieldsMappingAction] INFO 
2011-03-08 23:11:56,877 WARN   [DynamicFieldsMappingAction] WARN 
2011-03-08 23:11:56,877 ERROR  [DynamicFieldsMappingAction] ERROR 
2011-03-08 23:11:56,877 FATAL  [DynamicFieldsMappingAction] FATAL 
2011-03-08 23:12:46,705 WARN   [DynamicFieldsMappingAction] WARN 
2011-03-08 23:12:46,705 ERROR  [DynamicFieldsMappingAction] ERROR 
2011-03-08 23:12:46,705 FATAL  [DynamicFieldsMappingAction] FATAL 
2011-03-08 23:13:35,409 INFO   [DynamicFieldsMappingAction] INFO 
2011-03-08 23:13:35,409 WARN   [DynamicFieldsMappingAction] WARN 
2011-03-08 23:13:35,409 ERROR  [DynamicFieldsMappingAction] ERROR 
2011-03-08 23:13:35,409 FATAL  [DynamicFieldsMappingAction] FATAL 
2011-03-08 23:14:36,612 INFO   [DynamicFieldsMappingAction] INFO 
2011-03-08 23:14:36,612 WARN   [DynamicFieldsMappingAction] WARN 
2011-03-08 23:14:36,612 ERROR  [DynamicFieldsMappingAction] ERROR 
2011-03-08 23:14:36,612 FATAL  [DynamicFieldsMappingAction] FATAL 
2011-03-08 23:17:09,471 INFO   [DynamicFieldsMappingAction] INFO 
2011-03-08 23:17:09,471 WARN   [DynamicFieldsMappingAction] WARN 
2011-03-08 23:17:09,471 DEBUG  [DynamicFieldsMappingAction] DEBUG 
2011-03-08 23:17:09,471 ERROR  [DynamicFieldsMappingAction] ERROR 
2011-03-08 23:17:09,471 FATAL  [DynamicFieldsMappingAction] FATAL 
