2015-10-12 21:49:54,162 INFO  [org.jboss.web.WebService] (main) Using RMI server codebase: http://127.0.0.1:8083/
2015-10-12 21:49:58,083 INFO  [org.jboss.wsf.common.management.AbstractServerConfig] (main) JBoss Web Services - Native Server
2015-10-12 21:49:58,083 INFO  [org.jboss.wsf.common.management.AbstractServerConfig] (main) 3.2.2.GA
2015-10-12 21:49:58,614 INFO  [org.jboss.dependency.plugins.AttributeCallbackItem] (main) Owner callback not implemented.
2015-10-12 21:50:00,005 INFO  [org.jboss.logbridge.LogNotificationListener] (main) Adding notification listener for logging mbean "jboss.system:service=Logging,type=Log4jService" to server org.jboss.mx.server.MBeanServerImpl@1f51e5c[ defaultDomain='jboss' ]
2015-10-12 21:50:00,614 ERROR [org.jboss.system.server.profileservice.repository.ScopedProfileServiceController] (main) Error installing to Create: name=ProfileKey@b124fa[domain=default, server=default, name=applications] state=Configured mode=On Demand requiredState=Installed
java.lang.reflect.InvocationTargetException
	at sun.reflect.NativeMethodAccessorImpl.invoke0(Native Method)
	at sun.reflect.NativeMethodAccessorImpl.invoke(NativeMethodAccessorImpl.java:39)
	at sun.reflect.DelegatingMethodAccessorImpl.invoke(DelegatingMethodAccessorImpl.java:25)
	at java.lang.reflect.Method.invoke(Method.java:597)
	at org.jboss.system.server.profileservice.repository.AbstractProfileLifeCycleAction.invoke(AbstractProfileLifeCycleAction.java:97)
	at org.jboss.system.server.profileservice.repository.AbstractProfileLifeCycleAction.invoke(AbstractProfileLifeCycleAction.java:77)
	at org.jboss.system.server.profileservice.repository.AbstractProfileLifeCycleAction.install(AbstractProfileLifeCycleAction.java:49)
	at org.jboss.system.server.profileservice.repository.AbstractProfileAction.install(AbstractProfileAction.java:53)
	at org.jboss.system.server.profileservice.repository.AbstractProfileService.install(AbstractProfileService.java:361)
	at org.jboss.dependency.plugins.AbstractControllerContext.install(AbstractControllerContext.java:348)
	at org.jboss.dependency.plugins.AbstractController.install(AbstractController.java:1631)
	at org.jboss.dependency.plugins.AbstractController.incrementState(AbstractController.java:934)
	at org.jboss.dependency.plugins.AbstractController.resolveContexts(AbstractController.java:1082)
	at org.jboss.dependency.plugins.AbstractController.resolveContexts(AbstractController.java:984)
	at org.jboss.dependency.plugins.AbstractController.change(AbstractController.java:822)
	at org.jboss.dependency.plugins.AbstractController.change(AbstractController.java:553)
	at org.jboss.system.server.profileservice.repository.AbstractProfileService.activateProfile(AbstractProfileService.java:306)
	at org.jboss.system.server.profileservice.ProfileServiceBootstrap.start(ProfileServiceBootstrap.java:271)
	at org.jboss.bootstrap.AbstractServerImpl.start(AbstractServerImpl.java:461)
	at org.jboss.Main.boot(Main.java:221)
	at org.jboss.Main$1.run(Main.java:556)
	at java.lang.Thread.run(Thread.java:662)
Caused by: java.io.FileNotFoundException: beaadm doesn't exist. (rootURI: file:/D:/export/home/beaadm, file: D:\export\home\beaadm)
	at org.jboss.virtual.plugins.context.file.FileSystemContext.getRoot(FileSystemContext.java:220)
	at org.jboss.virtual.VFS.getRoot(VFS.java:292)
	at org.jboss.virtual.VFS.createNewRoot(VFS.java:186)
	at org.jboss.virtual.VFS.getRoot(VFS.java:201)
	at org.jboss.system.server.profileservice.repository.AbstractVFSProfileSource.getCachedVirtualFile(AbstractVFSProfileSource.java:353)
	at org.jboss.system.server.profileservice.repository.BasicDeploymentRepository.load(BasicDeploymentRepository.java:113)
	at org.jboss.system.server.profile.repository.AbstractProfile.create(AbstractProfile.java:158)
	... 22 more
2015-10-12 21:50:00,614 ERROR [STDERR] (main) Failed to boot JBoss:
2015-10-12 21:50:00,614 ERROR [STDERR] (main) java.lang.IllegalStateException: Incompletely deployed:

*** PROFILES IN ERROR: Name -> Error
Profile: ProfileKey@b124fa[domain=default, server=default, name=applications] in error due to java.lang.reflect.InvocationTargetException

*** PROFILES MISSING DEPENDENCIES: Name -> Dependency{Required State:Actual State}
ProfileKey@86d597[domain=default, server=default, name=default] is missing following dependencies: ProfileKey@b124fa[domain=default, server=default, name=applications]{Installed:**ERROR**}
2015-10-12 21:50:00,614 ERROR [STDERR] (main) 	at org.jboss.system.server.profileservice.repository.AbstractProfileService.logErrors(AbstractProfileService.java:567)
2015-10-12 21:50:00,614 ERROR [STDERR] (main) 	at org.jboss.system.server.profileservice.repository.AbstractProfileService.validate(AbstractProfileService.java:348)
2015-10-12 21:50:00,614 ERROR [STDERR] (main) 	at org.jboss.system.server.profileservice.repository.AbstractProfileService.validateProfile(AbstractProfileService.java:331)
2015-10-12 21:50:00,614 ERROR [STDERR] (main) 	at org.jboss.system.server.profileservice.ProfileServiceBootstrap.start(ProfileServiceBootstrap.java:272)
2015-10-12 21:50:00,630 ERROR [STDERR] (main) 	at org.jboss.bootstrap.AbstractServerImpl.start(AbstractServerImpl.java:461)
2015-10-12 21:50:00,630 ERROR [STDERR] (main) 	at org.jboss.Main.boot(Main.java:221)
2015-10-12 21:50:00,630 ERROR [STDERR] (main) 	at org.jboss.Main$1.run(Main.java:556)
2015-10-12 21:50:00,630 ERROR [STDERR] (main) 	at java.lang.Thread.run(Thread.java:662)
2015-10-12 21:52:32,621 INFO  [org.jboss.web.WebService] (main) Using RMI server codebase: http://127.0.0.1:8083/
2015-10-12 21:52:34,465 INFO  [org.jboss.wsf.common.management.AbstractServerConfig] (main) JBoss Web Services - Native Server
2015-10-12 21:52:34,465 INFO  [org.jboss.wsf.common.management.AbstractServerConfig] (main) 3.2.2.GA
2015-10-12 21:52:34,981 INFO  [org.jboss.dependency.plugins.AttributeCallbackItem] (main) Owner callback not implemented.
2015-10-12 21:52:36,144 INFO  [org.jboss.logbridge.LogNotificationListener] (main) Adding notification listener for logging mbean "jboss.system:service=Logging,type=Log4jService" to server org.jboss.mx.server.MBeanServerImpl@1f51e5c[ defaultDomain='jboss' ]
2015-10-12 21:52:36,504 ERROR [org.jboss.system.server.profileservice.repository.ScopedProfileServiceController] (main) Error installing to Create: name=ProfileKey@d35f5f[domain=default, server=default, name=applications] state=Configured mode=On Demand requiredState=Installed
java.lang.reflect.InvocationTargetException
	at sun.reflect.NativeMethodAccessorImpl.invoke0(Native Method)
	at sun.reflect.NativeMethodAccessorImpl.invoke(NativeMethodAccessorImpl.java:39)
	at sun.reflect.DelegatingMethodAccessorImpl.invoke(DelegatingMethodAccessorImpl.java:25)
	at java.lang.reflect.Method.invoke(Method.java:597)
	at org.jboss.system.server.profileservice.repository.AbstractProfileLifeCycleAction.invoke(AbstractProfileLifeCycleAction.java:97)
	at org.jboss.system.server.profileservice.repository.AbstractProfileLifeCycleAction.invoke(AbstractProfileLifeCycleAction.java:77)
	at org.jboss.system.server.profileservice.repository.AbstractProfileLifeCycleAction.install(AbstractProfileLifeCycleAction.java:49)
	at org.jboss.system.server.profileservice.repository.AbstractProfileAction.install(AbstractProfileAction.java:53)
	at org.jboss.system.server.profileservice.repository.AbstractProfileService.install(AbstractProfileService.java:361)
	at org.jboss.dependency.plugins.AbstractControllerContext.install(AbstractControllerContext.java:348)
	at org.jboss.dependency.plugins.AbstractController.install(AbstractController.java:1631)
	at org.jboss.dependency.plugins.AbstractController.incrementState(AbstractController.java:934)
	at org.jboss.dependency.plugins.AbstractController.resolveContexts(AbstractController.java:1082)
	at org.jboss.dependency.plugins.AbstractController.resolveContexts(AbstractController.java:984)
	at org.jboss.dependency.plugins.AbstractController.change(AbstractController.java:822)
	at org.jboss.dependency.plugins.AbstractController.change(AbstractController.java:553)
	at org.jboss.system.server.profileservice.repository.AbstractProfileService.activateProfile(AbstractProfileService.java:306)
	at org.jboss.system.server.profileservice.ProfileServiceBootstrap.start(ProfileServiceBootstrap.java:271)
	at org.jboss.bootstrap.AbstractServerImpl.start(AbstractServerImpl.java:461)
	at org.jboss.Main.boot(Main.java:221)
	at org.jboss.Main$1.run(Main.java:556)
	at java.lang.Thread.run(Thread.java:662)
Caused by: java.io.FileNotFoundException: beaadm doesn't exist. (rootURI: file:/D:/export/home/beaadm, file: D:\export\home\beaadm)
	at org.jboss.virtual.plugins.context.file.FileSystemContext.getRoot(FileSystemContext.java:220)
	at org.jboss.virtual.VFS.getRoot(VFS.java:292)
	at org.jboss.virtual.VFS.createNewRoot(VFS.java:186)
	at org.jboss.virtual.VFS.getRoot(VFS.java:201)
	at org.jboss.system.server.profileservice.repository.AbstractVFSProfileSource.getCachedVirtualFile(AbstractVFSProfileSource.java:353)
	at org.jboss.system.server.profileservice.repository.BasicDeploymentRepository.load(BasicDeploymentRepository.java:113)
	at org.jboss.system.server.profile.repository.AbstractProfile.create(AbstractProfile.java:158)
	... 22 more
2015-10-12 21:52:36,504 ERROR [STDERR] (main) Failed to boot JBoss:
2015-10-12 21:52:36,504 ERROR [STDERR] (main) java.lang.IllegalStateException: Incompletely deployed:

*** PROFILES IN ERROR: Name -> Error
Profile: ProfileKey@d35f5f[domain=default, server=default, name=applications] in error due to java.lang.reflect.InvocationTargetException

*** PROFILES MISSING DEPENDENCIES: Name -> Dependency{Required State:Actual State}
ProfileKey@1a517bd[domain=default, server=default, name=default] is missing following dependencies: ProfileKey@d35f5f[domain=default, server=default, name=applications]{Installed:**ERROR**}
2015-10-12 21:52:36,520 ERROR [STDERR] (main) 	at org.jboss.system.server.profileservice.repository.AbstractProfileService.logErrors(AbstractProfileService.java:567)
2015-10-12 21:52:36,520 ERROR [STDERR] (main) 	at org.jboss.system.server.profileservice.repository.AbstractProfileService.validate(AbstractProfileService.java:348)
2015-10-12 21:52:36,520 ERROR [STDERR] (main) 	at org.jboss.system.server.profileservice.repository.AbstractProfileService.validateProfile(AbstractProfileService.java:331)
2015-10-12 21:52:36,520 ERROR [STDERR] (main) 	at org.jboss.system.server.profileservice.ProfileServiceBootstrap.start(ProfileServiceBootstrap.java:272)
2015-10-12 21:52:36,520 ERROR [STDERR] (main) 	at org.jboss.bootstrap.AbstractServerImpl.start(AbstractServerImpl.java:461)
2015-10-12 21:52:36,535 ERROR [STDERR] (main) 	at org.jboss.Main.boot(Main.java:221)
2015-10-12 21:52:36,535 ERROR [STDERR] (main) 	at org.jboss.Main$1.run(Main.java:556)
2015-10-12 21:52:36,535 ERROR [STDERR] (main) 	at java.lang.Thread.run(Thread.java:662)
2015-10-12 22:09:04,963 INFO  [org.jboss.bootstrap.microcontainer.ServerImpl] (JBoss Shutdown Hook) Runtime shutdown hook called, forceHalt: true
2015-10-12 22:09:04,979 WARN  [org.jboss.system.server.profileservice.ProfileServiceBootstrap] (JBoss Shutdown Hook) Error deactivating profile: ProfileKey@1a517bd[domain=default, server=default, name=default]
org.jboss.profileservice.spi.NoSuchProfileException: No active profile for: ProfileKey@1a517bd[domain=default, server=default, name=default]
	at org.jboss.system.server.profileservice.repository.AbstractProfileService.deactivateProfile(AbstractProfileService.java:391)
	at org.jboss.system.server.profileservice.ProfileServiceBootstrap.shutdown(ProfileServiceBootstrap.java:327)
	at org.jboss.bootstrap.AbstractServerImpl.shutdownServer(AbstractServerImpl.java:571)
	at org.jboss.bootstrap.AbstractServerImpl$ShutdownHook.run(AbstractServerImpl.java:909)
2015-10-12 22:09:05,494 WARN  [org.jboss.security.plugins.JaasSecurityManagerService] (JBoss Shutdown Hook) Stopping failed jboss.security:service=JaasSecurityManager
javax.naming.NameNotFoundException: jaas not bound
	at org.jnp.server.NamingServer.getBinding(NamingServer.java:771)
	at org.jnp.server.NamingServer.getBinding(NamingServer.java:779)
	at org.jnp.server.NamingServer.unbind(NamingServer.java:349)
	at org.jnp.interfaces.NamingContext.unbind(NamingContext.java:871)
	at org.jnp.interfaces.NamingContext.unbind(NamingContext.java:854)
	at javax.naming.InitialContext.unbind(InitialContext.java:416)
	at org.jboss.security.plugins.JaasSecurityManagerService.stopService(JaasSecurityManagerService.java:494)
	at org.jboss.system.ServiceMBeanSupport.jbossInternalStop(ServiceMBeanSupport.java:405)
	at org.jboss.system.ServiceMBeanSupport.jbossInternalLifecycle(ServiceMBeanSupport.java:324)
	at sun.reflect.GeneratedMethodAccessor80.invoke(Unknown Source)
	at sun.reflect.DelegatingMethodAccessorImpl.invoke(DelegatingMethodAccessorImpl.java:25)
	at java.lang.reflect.Method.invoke(Method.java:597)
	at org.jboss.mx.interceptor.ReflectedDispatcher.invoke(ReflectedDispatcher.java:157)
	at org.jboss.mx.server.Invocation.dispatch(Invocation.java:96)
	at org.jboss.mx.server.Invocation.invoke(Invocation.java:88)
	at org.jboss.mx.server.AbstractMBeanInvoker.invoke(AbstractMBeanInvoker.java:264)
	at org.jboss.mx.server.MBeanServerImpl.invoke(MBeanServerImpl.java:668)
	at org.jboss.system.microcontainer.ServiceProxy.invoke(ServiceProxy.java:189)
	at $Proxy38.stop(Unknown Source)
	at org.jboss.system.microcontainer.StartStopLifecycleAction.uninstallAction(StartStopLifecycleAction.java:56)
	at org.jboss.system.microcontainer.StartStopLifecycleAction.uninstallAction(StartStopLifecycleAction.java:37)
	at org.jboss.dependency.plugins.action.SimpleControllerContextAction.simpleUninstallAction(SimpleControllerContextAction.java:79)
	at org.jboss.dependency.plugins.action.AccessControllerContextAction.uninstall(AccessControllerContextAction.java:131)
	at org.jboss.dependency.plugins.AbstractControllerContextActions.uninstall(AbstractControllerContextActions.java:58)
	at org.jboss.dependency.plugins.AbstractControllerContext.uninstall(AbstractControllerContext.java:354)
	at org.jboss.dependency.plugins.AbstractController.uninstall(AbstractController.java:1664)
	at org.jboss.dependency.plugins.AbstractController.uninstallContext(AbstractController.java:1275)
	at org.jboss.dependency.plugins.AbstractController.change(AbstractController.java:827)
	at org.jboss.dependency.plugins.AbstractController.change(AbstractController.java:553)
	at org.jboss.system.ServiceController.doChange(ServiceController.java:688)
	at org.jboss.system.ServiceController.stop(ServiceController.java:510)
	at org.jboss.system.deployers.ServiceDeployer.stop(ServiceDeployer.java:170)
	at org.jboss.system.deployers.ServiceDeployer.undeploy(ServiceDeployer.java:150)
	at org.jboss.system.deployers.ServiceDeployer.undeploy(ServiceDeployer.java:46)
	at org.jboss.deployers.spi.deployer.helpers.AbstractSimpleRealDeployer.internalUndeploy(AbstractSimpleRealDeployer.java:69)
	at org.jboss.deployers.spi.deployer.helpers.AbstractRealDeployer.undeploy(AbstractRealDeployer.java:112)
	at org.jboss.deployers.plugins.deployers.DeployerWrapper.undeploy(DeployerWrapper.java:196)
	at org.jboss.deployers.plugins.deployers.DeployersImpl.doUndeploy(DeployersImpl.java:1469)
	at org.jboss.deployers.plugins.deployers.DeployersImpl.doUninstallParentLast(DeployersImpl.java:1376)
	at org.jboss.deployers.plugins.deployers.DeployersImpl.doUninstallParentLast(DeployersImpl.java:1369)
	at org.jboss.deployers.plugins.deployers.DeployersImpl.uninstall(DeployersImpl.java:1331)
	at org.jboss.dependency.plugins.AbstractControllerContext.uninstall(AbstractControllerContext.java:354)
	at org.jboss.dependency.plugins.AbstractController.uninstall(AbstractController.java:1664)
	at org.jboss.dependency.plugins.AbstractController.uninstallContext(AbstractController.java:1275)
	at org.jboss.dependency.plugins.AbstractController.change(AbstractController.java:827)
	at org.jboss.dependency.plugins.AbstractController.change(AbstractController.java:553)
	at org.jboss.deployers.plugins.deployers.DeployersImpl.process(DeployersImpl.java:694)
	at org.jboss.deployers.plugins.main.MainDeployerImpl.process(MainDeployerImpl.java:679)
	at org.jboss.system.server.profileservice.repository.MainDeployerAdapter.process(MainDeployerAdapter.java:117)
	at org.jboss.system.server.profileservice.repository.ProfileDeployAction.uninstall(ProfileDeployAction.java:95)
	at org.jboss.system.server.profileservice.repository.AbstractProfileAction.uninstall(AbstractProfileAction.java:70)
	at org.jboss.system.server.profileservice.repository.AbstractProfileService.uninstall(AbstractProfileService.java:375)
	at org.jboss.dependency.plugins.AbstractControllerContext.uninstall(AbstractControllerContext.java:354)
	at org.jboss.dependency.plugins.AbstractController.uninstall(AbstractController.java:1664)
	at org.jboss.dependency.plugins.AbstractController.uninstallContext(AbstractController.java:1275)
	at org.jboss.dependency.plugins.AbstractController.uninstallContext(AbstractController.java:1179)
	at org.jboss.dependency.plugins.AbstractController.uninstallContext(AbstractController.java:1234)
	at org.jboss.dependency.plugins.AbstractController.change(AbstractController.java:827)
	at org.jboss.dependency.plugins.AbstractController.change(AbstractController.java:553)
	at org.jboss.system.server.profileservice.repository.AbstractProfileService.deactivateProfile(AbstractProfileService.java:402)
	at org.jboss.system.server.profileservice.ProfileServiceBootstrap.deactivateProfiles(ProfileServiceBootstrap.java:388)
	at org.jboss.system.server.profileservice.ProfileServiceBootstrap.shutdown(ProfileServiceBootstrap.java:345)
	at org.jboss.bootstrap.AbstractServerImpl.shutdownServer(AbstractServerImpl.java:571)
	at org.jboss.bootstrap.AbstractServerImpl$ShutdownHook.run(AbstractServerImpl.java:909)
2015-10-12 22:09:05,666 INFO  [org.jboss.bootstrap.microcontainer.ServerImpl] (JBoss Shutdown Hook) Shutdown complete
